[0423/153816.399:ERROR:ssl_client_socket_impl.cc(959)] handshake failed; returned -1, SSL error code 1, net_error -200
[0423/153819.556:ERROR:ssl_client_socket_impl.cc(959)] handshake failed; returned -1, SSL error code 1, net_error -200
[0423/153832.232:ERROR:ssl_client_socket_impl.cc(959)] handshake failed; returned -1, SSL error code 1, net_error -200
[0423/153914.294:ERROR:ssl_client_socket_impl.cc(959)] handshake failed; returned -1, SSL error code 1, net_error -200
[0423/154057.086:ERROR:audio_rtp_receiver.cc(89)] AudioRtpReceiver::OnSetVolume: No audio channel exists.
[0423/154057.087:WARNING:used_ids.h(55)] Duplicate id found. Reassigning from 104 to 127
[0423/154057.087:WARNING:used_ids.h(55)] Duplicate id found. Reassigning from 102 to 125
[0423/154057.087:WARNING:used_ids.h(55)] Duplicate id found. Reassigning from 104 to 124
[0423/154057.087:WARNING:used_ids.h(55)] Duplicate id found. Reassigning from 106 to 123
[0423/154057.087:WARNING:used_ids.h(55)] Duplicate id found. Reassigning from 103 to 122
[0423/154057.087:WARNING:used_ids.h(55)] Duplicate id found. Reassigning from 105 to 121
[0423/154057.087:WARNING:used_ids.h(55)] Duplicate id found. Reassigning from 109 to 120
[0423/154057.087:WARNING:used_ids.h(55)] Duplicate id found. Reassigning from 1 to 14
[0423/154057.087:WARNING:used_ids.h(55)] Duplicate id found. Reassigning from 3 to 13
[0423/154057.087:WARNING:used_ids.h(55)] Duplicate id found. Reassigning from 5 to 12
[0423/154057.087:WARNING:used_ids.h(55)] Duplicate id found. Reassigning from 6 to 11
[0423/154104.811:ERROR:batching_media_log.cc(38)] MediaEvent: {"error":"FFmpegDemuxer: no supported streams"}
[0423/154104.812:ERROR:batching_media_log.cc(35)] MediaEvent: {"pipeline_error":14}
[0423/154105.530:ERROR:batching_media_log.cc(38)] MediaEvent: {"error":"FFmpegDemuxer: no supported streams"}
[0423/154105.531:ERROR:batching_media_log.cc(35)] MediaEvent: {"pipeline_error":14}
[0423/200954.498:WARNING:spdy_session.cc(3365)] Received HEADERS for invalid stream 423
[0423/200954.518:WARNING:spdy_session.cc(3365)] Received HEADERS for invalid stream 425
[0423/200954.524:WARNING:spdy_session.cc(3365)] Received HEADERS for invalid stream 427
[0423/200954.630:WARNING:spdy_session.cc(3365)] Received HEADERS for invalid stream 429
[0423/200954.639:WARNING:spdy_session.cc(3365)] Received HEADERS for invalid stream 431
[0423/200954.649:WARNING:spdy_session.cc(3365)] Received HEADERS for invalid stream 433
[0423/200954.649:WARNING:spdy_session.cc(3365)] Received HEADERS for invalid stream 435
[0423/200954.663:WARNING:spdy_session.cc(3365)] Received HEADERS for invalid stream 437
